[02:16:42] [ServerMain/INFO]: Environment: Environment[sessionHost=https://sessionserver.mojang.com, servicesHost=https://api.minecraftservices.com, name=PROD]
[02:16:43] [ServerMain/INFO]: No existing world data, creating new world
[02:16:44] [ServerMain/INFO]: Loaded 1290 recipes
[02:16:45] [ServerMain/INFO]: Loaded 1399 advancements
[02:16:45] [Server thread/INFO]: Starting minecraft server version 1.21
[02:16:45] [Server thread/INFO]: Loading properties
[02:16:45] [Server thread/INFO]: Default game type: SURVIVAL
[02:16:45] [Server thread/INFO]: Generating keypair
[02:16:46] [Server thread/INFO]: Starting Minecraft server on *:25565
[02:16:46] [Server thread/INFO]: Using epoll channel type
[02:16:46] [Server thread/WARN]: **** SERVER IS RUNNING IN OFFLINE/INSECURE MODE!
[02:16:46] [Server thread/WARN]: The server will make no attempt to authenticate usernames. Beware.
[02:16:46] [Server thread/WARN]: While this makes the game possible to play without internet access, it also opens up the ability for hackers to connect with any username they choose.
[02:16:46] [Server thread/WARN]: To change this, set "online-mode" to "true" in the server.properties file.
[02:16:46] [Server thread/INFO]: Preparing level "world"
[02:17:00] [Server thread/INFO]: Preparing start region for dimension minecraft:overworld
[02:17:00] [Worker-Main-1/INFO]: Preparing spawn area: 2%
[02:17:01] [Worker-Main-1/INFO]: Preparing spawn area: 2%
[02:17:02] [Worker-Main-1/INFO]: Preparing spawn area: 2%
[02:17:02] [Worker-Main-1/INFO]: Preparing spawn area: 2%
[02:17:02] [Worker-Main-1/INFO]: Preparing spawn area: 2%
[02:17:03] [Worker-Main-1/INFO]: Preparing spawn area: 2%
[02:17:03] [Worker-Main-1/INFO]: Preparing spawn area: 2%
[02:17:04] [Worker-Main-1/INFO]: Preparing spawn area: 2%
[02:17:05] [Worker-Main-1/INFO]: Preparing spawn area: 2%
[02:17:05] [Worker-Main-1/INFO]: Preparing spawn area: 2%
[02:17:05] [Worker-Main-1/INFO]: Preparing spawn area: 2%
[02:17:06] [Worker-Main-1/INFO]: Preparing spawn area: 2%
[02:17:06] [Worker-Main-1/INFO]: Preparing spawn area: 2%
[02:17:07] [Worker-Main-1/INFO]: Preparing spawn area: 2%
[02:17:07] [Worker-Main-1/INFO]: Preparing spawn area: 2%
[02:17:08] [Worker-Main-1/INFO]: Preparing spawn area: 2%
[02:17:08] [Worker-Main-1/INFO]: Preparing spawn area: 2%
[02:17:09] [Worker-Main-1/INFO]: Preparing spawn area: 2%
[02:17:09] [Worker-Main-1/INFO]: Preparing spawn area: 2%
[02:17:10] [Worker-Main-1/INFO]: Preparing spawn area: 12%
[02:17:11] [Worker-Main-1/INFO]: Preparing spawn area: 42%
[02:17:11] [Server thread/INFO]: Time elapsed: 10757 ms
[02:17:11] [Server thread/INFO]: Done (25.395s)! For help, type "help"
[02:21:01] [Server thread/INFO]: GEVVVV[/[0:0:0:0:0:0:0:1%0]:33708] logged in with entity id 12 at (-18.5, 74.0, 6.5)
[02:21:01] [Server thread/INFO]: GEVVVV joined the game
[02:24:23] [Server thread/INFO]: GEVVVV was killed
[02:24:23] [Server thread/INFO]: Killed GEVVVV
[02:24:32] [Server thread/INFO]: GEVVVV lost connection: Timed out
[02:24:32] [Server thread/INFO]: GEVVVV left the game
[02:24:32] [Server thread/WARN]: handleDisconnection() called twice
[02:31:13] [Server thread/INFO]: P0C0Y00[/[0:0:0:0:0:0:0:1%0]:52262] logged in with entity id 1161 at (-10.5, 77.0, 8.5)
[02:31:13] [Server thread/INFO]: P0C0Y00 joined the game
[02:33:25] [Server thread/INFO]: P0C0Y00 was doomed to fall by Zombie
[02:33:53] [Server thread/INFO]: Set P0C0Y00's game mode to Creative Mode
[02:34:13] [Server thread/INFO]: Unknown or incomplete command, see below for error
[02:34:13] [Server thread/INFO]: timeset day<--[HERE]
[02:34:26] [Server thread/INFO]: Unknown or incomplete command, see below for error
[02:34:26] [Server thread/INFO]: timeset 1000<--[HERE]
[02:36:44] [Server thread/INFO]: P0C0Y00 lost connection: Timed out
[02:36:44] [Server thread/INFO]: P0C0Y00 left the game
